<?xml version="1.0" encoding="UTF-8"?>
<!-- Generated by org.testng.reporters.JUnitReportReporter -->
<testsuite hostname="CBT-MH-000" name="listtweets" tests="1" failures="0" timestamp="25 Oct 2019 08:35:41 GMT" time="0.540" errors="0">
  <testcase name="list_tweet" time="0.540" classname="listtweets"/>
</testsuite> <!-- listtweets -->
