<?xml version="1.0" encoding="UTF-8"?>
<!-- Generated by org.testng.reporters.JUnitReportReporter -->
<testsuite hostname="CBT-MH-000" name="twitter1" tests="1" failures="0" timestamp="25 Oct 2019 08:32:12 GMT" time="0.606" errors="0">
  <testcase name="creattweet" time="0.606" classname="twitter1"/>
</testsuite> <!-- twitter1 -->
