<?xml version="1.0" encoding="UTF-8"?>
<!-- Generated by org.testng.reporters.JUnitReportReporter -->
<testsuite hostname="CBT-MH-000" name="ap" tests="1" failures="0" timestamp="30 Sep 2019 11:59:06 GMT" time="10.702" errors="0">
  <testcase name="aptest" time="10.702" classname="ap"/>
</testsuite> <!-- ap -->
