<?xml version="1.0" encoding="UTF-8"?>
<!-- Generated by org.testng.reporters.JUnitReportReporter -->
<testsuite hostname="CBT-MH-000" name="test.blockuser" tests="1" failures="0" timestamp="31 Oct 2019 05:39:29 GMT" time="8.402" errors="0">
  <testcase name="blockusers" time="8.402" classname="test.blockuser"/>
</testsuite> <!-- test.blockuser -->
