<?xml version="1.0" encoding="UTF-8"?>
<!-- Generated by org.testng.reporters.JUnitReportReporter -->
<testsuite hostname="CBT-MH-000" name="twitter" tests="1" failures="0" timestamp="23 Oct 2019 11:35:18 GMT" time="4.803" errors="0">
  <testcase name="creattweet" time="4.803" classname="twitter"/>
</testsuite> <!-- twitter -->
