<?xml version="1.0" encoding="UTF-8"?>
<!-- Generated by org.testng.reporters.JUnitReportReporter -->
<testsuite hostname="CBT-MH-000" name="blockuser" tests="1" failures="0" timestamp="25 Oct 2019 08:35:41 GMT" time="0.631" errors="0">
  <testcase name="blockusers" time="0.631" classname="blockuser"/>
</testsuite> <!-- blockuser -->
