<?xml version="1.0" encoding="UTF-8"?>
<!-- Generated by org.testng.reporters.JUnitReportReporter -->
<testsuite hostname="CBT-MH-000" name="test.wheathertweet" tests="1" failures="0" timestamp="31 Oct 2019 03:53:08 GMT" time="4.763" errors="0">
  <testcase name="getweather" time="4.763" classname="test.wheathertweet"/>
</testsuite> <!-- test.wheathertweet -->
