<?xml version="1.0" encoding="UTF-8"?>
<!-- Generated by org.testng.reporters.JUnitReportReporter -->
<testsuite hostname="CBT-MH-000" name="test.hashtag" tests="1" failures="0" timestamp="31 Oct 2019 03:57:37 GMT" time="29.911" errors="0">
  <testcase name="hashtags" time="29.911" classname="test.hashtag"/>
</testsuite> <!-- test.hashtag -->
