<?xml version="1.0" encoding="UTF-8"?>
<!-- Generated by org.testng.reporters.JUnitReportReporter -->
<testsuite hostname="CBT-MH-000" name="test.createtweet" tests="1" failures="0" timestamp="31 Oct 2019 05:46:50 GMT" time="5.494" errors="0">
  <testcase name="creattweet" time="5.494" classname="test.createtweet"/>
</testsuite> <!-- test.createtweet -->
