<?xml version="1.0" encoding="UTF-8"?>
<!-- Generated by org.testng.reporters.JUnitReportReporter -->
<testsuite hostname="CBT-MH-000" name="createtweet" tests="1" failures="0" timestamp="25 Oct 2019 08:35:41 GMT" time="0.546" errors="0">
  <testcase name="creattweet" time="0.546" classname="createtweet"/>
</testsuite> <!-- createtweet -->
