<?xml version="1.0" encoding="UTF-8"?>
<!-- Generated by org.testng.reporters.JUnitReportReporter -->
<testsuite hostname="CBT-MH-000" name="test.listtweets" tests="1" failures="0" timestamp="31 Oct 2019 03:51:37 GMT" time="4.116" errors="0">
  <testcase name="list_tweet" time="4.116" classname="test.listtweets"/>
</testsuite> <!-- test.listtweets -->
