<?xml version="1.0" encoding="UTF-8"?>
<!-- Generated by org.testng.reporters.JUnitReportReporter -->
<testsuite hostname="CBT-MH-000" name="test.search" tests="1" failures="0" timestamp="31 Oct 2019 03:51:57 GMT" time="5.147" errors="0">
  <testcase name="search_tweet" time="5.147" classname="test.search"/>
</testsuite> <!-- test.search -->
