<?xml version="1.0" encoding="UTF-8"?>
<!-- Generated by org.testng.reporters.JUnitReportReporter -->
<testsuite hostname="CBT-MH-000" name="test.displayuser" tests="1" failures="0" timestamp="31 Oct 2019 03:44:18 GMT" time="7.081" errors="0">
  <testcase name="displayUser" time="7.081" classname="test.displayuser"/>
</testsuite> <!-- test.displayuser -->
