<?xml version="1.0" encoding="UTF-8"?>
<!-- Generated by org.testng.reporters.JUnitReportReporter -->
<testsuite hostname="CBT-MH-000" name="test.ValidateLoginPage" tests="1" failures="0" timestamp="31 Oct 2019 05:56:51 GMT" time="3.817" errors="0">
  <testcase name="validateLoginPage" time="3.817" classname="test.ValidateLoginPage"/>
</testsuite> <!-- test.ValidateLoginPage -->
