<?xml version="1.0" encoding="UTF-8"?>
<!-- Generated by org.testng.reporters.JUnitReportReporter -->
<testsuite hostname="CBT-MH-000" name="test.ValidateSignUpPage" tests="1" failures="0" timestamp="31 Oct 2019 05:49:06 GMT" time="3.174" errors="0">
  <testcase name="validatesignup" time="3.174" classname="test.ValidateSignUpPage"/>
</testsuite> <!-- test.ValidateSignUpPage -->
