<?xml version="1.0" encoding="UTF-8"?>
<!-- Generated by org.testng.reporters.JUnitReportReporter -->
<testsuite hostname="CBT-MH-000" name="test.ValidateHotelSearch" tests="1" failures="0" timestamp="31 Oct 2019 03:56:19 GMT" time="7.408" errors="0">
  <testcase name="validateHotelSearchPage" time="7.408" classname="test.ValidateHotelSearch"/>
</testsuite> <!-- test.ValidateHotelSearch -->
